2025-04-08 15:41:59,898 - INFO - Observed distances (ρᵢ):
2025-04-08 15:41:59,898 - INFO - ρ₁ = 1180090.1807511174
2025-04-08 15:41:59,898 - INFO - ρ₂ = 261553.81303502712
2025-04-08 15:41:59,898 - INFO - ρ₃ = 292008.1077668553
2025-04-08 15:41:59,898 - INFO - Iteration: 1
2025-04-08 15:41:59,898 - INFO - Computed distances from the current guess (ρᵢ):
2025-04-08 15:41:59,898 - INFO - ρ₁ = 1181081.790395422
2025-04-08 15:41:59,898 - INFO - ρ₂ = 263447.42560234375
2025-04-08 15:41:59,898 - INFO - ρ₃ = 263447.42560234375
2025-04-08 15:41:59,898 - INFO - Δρᵢ (разность между смоделированными и вычисленными расстояниями):
2025-04-08 15:41:59,898 - INFO - Δρ₁ = -991.6096443044953
2025-04-08 15:41:59,898 - INFO - Δρ₂ = -1893.6125673166243
2025-04-08 15:41:59,898 - INFO - Δρ₃ = 28560.682164511527
2025-04-08 15:41:59,898 - INFO - Matrix A:
2025-04-08 15:41:59,898 - INFO - [[-0.04136333  0.9800356   0.19447186]
 [-0.1247384  -0.59785058  0.79184279]
 [ 0.63484105  0.6028709   0.48324272]]
2025-04-08 15:41:59,898 - INFO - Vector Δρ (b): [ -991.6096443  -1893.61256732 28560.68216451]
2025-04-08 15:41:59,899 - INFO - Corrections (Δx, Δy, Δz): 41890.26768724934, -68.4530121243512, 4155.860134938798
2025-04-08 15:41:59,899 - INFO - Current Guess (x, y, z): {GUESS_SATELLITE.x}, {GUESS_SATELLITE.y}, {GUESS_SATELLITE.z}
2025-04-08 15:41:59,899 - INFO - Updated guess (x, y, z): {GUESS_SATELLITE.x}, {GUESS_SATELLITE.y}, {GUESS_SATELLITE.z}
2025-04-08 15:41:59,899 - INFO - Iteration: 2
2025-04-08 15:41:59,899 - INFO - Computed distances from the current guess (ρᵢ):
2025-04-08 15:41:59,899 - INFO - ρ₁ = 1180840.345602107
2025-04-08 15:41:59,900 - INFO - ρ₂ = 264912.97010677354
2025-04-08 15:41:59,900 - INFO - ρ₃ = 293641.0952541599
2025-04-08 15:41:59,900 - INFO - Δρᵢ (разность между смоделированными и вычисленными расстояниями):
2025-04-08 15:41:59,900 - INFO - Δρ₁ = -750.1648509895895
2025-04-08 15:41:59,900 - INFO - Δρ₂ = -3359.15707174642
2025-04-08 15:41:59,900 - INFO - Δρ₃ = -1632.9874873046065
2025-04-08 15:41:59,900 - INFO - Matrix A:
2025-04-08 15:41:59,900 - INFO - [[-0.00589683  0.98017801  0.19803103]
 [ 0.03408008 -0.59480157  0.80314983]
 [ 0.71222152  0.54064753  0.4477061 ]]
2025-04-08 15:41:59,900 - INFO - Vector Δρ (b): [ -750.16485099 -3359.15707175 -1632.9874873 ]
2025-04-08 15:41:59,900 - INFO - Corrections (Δx, Δy, Δz): 254.27622545033708, 72.53209314428204, -4139.55219758737
2025-04-08 15:41:59,900 - INFO - Current Guess (x, y, z): {GUESS_SATELLITE.x}, {GUESS_SATELLITE.y}, {GUESS_SATELLITE.z}
2025-04-08 15:41:59,900 - INFO - Updated guess (x, y, z): {GUESS_SATELLITE.x}, {GUESS_SATELLITE.y}, {GUESS_SATELLITE.z}
2025-04-08 15:41:59,900 - INFO - Iteration: 3
2025-04-08 15:41:59,900 - INFO - Computed distances from the current guess (ρᵢ):
2025-04-08 15:41:59,900 - INFO - ρ₁ = 1180097.2323362178
2025-04-08 15:41:59,900 - INFO - ρ₂ = 261565.13335425494
2025-04-08 15:41:59,900 - INFO - ρ₃ = 292033.0018390825
2025-04-08 15:41:59,900 - INFO - Δρᵢ (разность между смоделированными и вычисленными расстояниями):
2025-04-08 15:41:59,900 - INFO - Δρ₁ = -7.051585100358352
2025-04-08 15:41:59,900 - INFO - Δρ₂ = -11.320319227816071
2025-04-08 15:41:59,900 - INFO - Δρ₃ = -24.894072227238212
2025-04-08 15:41:59,900 - INFO - Matrix A:
2025-04-08 15:41:59,900 - INFO - [[-0.00568507  0.9808567   0.19464793]
 [ 0.03548842 -0.60213728  0.79760345]
 [ 0.71701411  0.543873    0.43599647]]
2025-04-08 15:41:59,900 - INFO - Vector Δρ (b): [ -7.0515851  -11.32031923 -24.89407223]
2025-04-08 15:41:59,900 - INFO - Corrections (Δx, Δy, Δz): -21.709518202006215, -4.079083009183748, -16.30641229741193
2025-04-08 15:41:59,900 - INFO - Current Guess (x, y, z): {GUESS_SATELLITE.x}, {GUESS_SATELLITE.y}, {GUESS_SATELLITE.z}
2025-04-08 15:41:59,900 - INFO - Updated guess (x, y, z): {GUESS_SATELLITE.x}, {GUESS_SATELLITE.y}, {GUESS_SATELLITE.z}
2025-04-08 15:41:59,900 - INFO - Iteration: 4
2025-04-08 15:41:59,900 - INFO - Computed distances from the current guess (ρᵢ):
2025-04-08 15:41:59,900 - INFO - ρ₁ = 1180090.1810494491
2025-04-08 15:41:59,900 - INFO - ρ₂ = 261553.81423113195
2025-04-08 15:41:59,900 - INFO - ρ₃ = 292008.1079965173
2025-04-08 15:41:59,900 - INFO - Δρᵢ (разность между смоделированными и вычисленными расстояниями):
2025-04-08 15:41:59,900 - INFO - Δρ₁ = -0.0002983317244797945
2025-04-08 15:41:59,900 - INFO - Δρ₂ = -0.0011961048294324428
2025-04-08 15:41:59,900 - INFO - Δρ₃ = -0.00022966205142438412
2025-04-08 15:41:59,900 - INFO - Matrix A:
2025-04-08 15:41:59,900 - INFO - [[-0.0057035   0.9808591   0.19463527]
 [ 0.03540695 -0.60217893  0.79757563]
 [ 0.71700089  0.5439054   0.4359778 ]]
2025-04-08 15:41:59,900 - INFO - Vector Δρ (b): [-0.00029833 -0.0011961  -0.00022966]
2025-04-08 15:41:59,900 - INFO - Corrections (Δx, Δy, Δz): 0.000605502418712826, 1.9891564407129077e-06, -0.0015250541219134816
2025-04-08 15:41:59,900 - INFO - Current Guess (x, y, z): {GUESS_SATELLITE.x}, {GUESS_SATELLITE.y}, {GUESS_SATELLITE.z}
2025-04-08 15:41:59,900 - INFO - Updated guess (x, y, z): {GUESS_SATELLITE.x}, {GUESS_SATELLITE.y}, {GUESS_SATELLITE.z}
2025-04-08 15:41:59,900 - INFO - Iteration: 5
2025-04-08 15:41:59,900 - INFO - Computed distances from the current guess (ρᵢ):
2025-04-08 15:41:59,900 - INFO - ρ₁ = 1180090.1807511174
2025-04-08 15:41:59,900 - INFO - ρ₂ = 261553.8130350271
2025-04-08 15:41:59,900 - INFO - ρ₃ = 292008.1077668553
2025-04-08 15:41:59,900 - INFO - Δρᵢ (разность между смоделированными и вычисленными расстояниями):
2025-04-08 15:41:59,900 - INFO - Δρ₁ = 0.0
2025-04-08 15:41:59,900 - INFO - Δρ₂ = 2.9103830456733704e-11
2025-04-08 15:41:59,900 - INFO - Δρ₃ = 0.0
2025-04-08 15:41:59,900 - INFO - Matrix A:
2025-04-08 15:41:59,900 - INFO - [[-0.0057035   0.9808591   0.19463527]
 [ 0.03540695 -0.60217894  0.79757562]
 [ 0.71700089  0.5439054   0.43597779]]
2025-04-08 15:41:59,901 - INFO - Vector Δρ (b): [0.00000000e+00 2.91038305e-11 0.00000000e+00]
2025-04-08 15:41:59,901 - INFO - Corrections (Δx, Δy, Δz): -1.468904497474899e-11, -6.484253682926884e-12, 3.2246777649304513e-11
2025-04-08 15:41:59,901 - INFO - Current Guess (x, y, z): {GUESS_SATELLITE.x}, {GUESS_SATELLITE.y}, {GUESS_SATELLITE.z}
2025-04-08 15:41:59,901 - INFO - Updated guess (x, y, z): {GUESS_SATELLITE.x}, {GUESS_SATELLITE.y}, {GUESS_SATELLITE.z}
2025-04-08 15:41:59,901 - INFO - Converged to a solution on iteration 5.
2025-04-08 15:41:59,901 - INFO - Final estimated coordinates (x, y, z): 42122.83500000008, -1.029517151966662e-10, -7.326202283185323e-11
